C51 COMPILER V9.60.7.0   MAIN                                                              02/21/2026 16:00:19 PAGE 1   


C51 COMPILER V9.60.7.0, COMPILATION OF MODULE MAIN
OBJECT MODULE PLACED IN .\Objects\main.obj
COMPILER INVOKED BY: D:\KeilC51\C51\BIN\C51.EXE main.c OPTIMIZE(8,SPEED) BROWSE DEBUG OBJECTEXTEND PRINT(.\Listings\main
                    -.lst) OBJECT(.\Objects\main.obj)

line level    source

   1          //#include <REGX52.H>
   2          //#include <intrins.h>
   3          
   4          
   5          //typedef unsigned int u16;
   6          
   7          //void Delay1ms(u16 xms)        //@11.0592MHz
   8          //{
   9          //      while (xms--){
  10          //      unsigned char data i, j;
  11          
  12          //      _nop_();
  13          //      _nop_();
  14          //      _nop_();
  15          //      i = 11;
  16          //      j = 190;
  17          //      do
  18          //      {
  19          //              while (--j);
  20          //      } while (--i);
  21          //}
  22          //}
  23          
  24          //void left_move()
  25          //{
  26          //              P2 = P2 << 1 | 0x01;
  27          //              if(P2==0xFF)
  28          //                      P2=0xFE;
  29          
  30          //}
  31          
  32          //void right_move()
  33          //{
  34          //      P2=P2>>1 | 0x80;
  35          //      if(P2==0xFF)
  36          //              P2=0x7F;
  37          //}
  38          
  39          //void main ()
  40          //{
  41          //      P2 = 0xFF;
  42          //      while(1)
  43          //      {
  44          //              if(P3_0==0)
  45          //              {
  46          //                      Delay1ms(20);
  47          //                      while(P3_1==0);
  48          //                      Delay1ms(20);
  49          //                      if(P2==0xFF)
  50          //                              P2=0xFE;
  51          //                      else
  52          //                              left_move();
  53          //              }
  54          //              if(P3_1==0)
C51 COMPILER V9.60.7.0   MAIN                                                              02/21/2026 16:00:19 PAGE 2   

  55          //              {
  56          //                      Delay1ms(20);
  57          //                      while(P3_0==0);
  58          //                      Delay1ms(20);
  59          //                      if(P2==0xFF)
  60          //                              P2=0x7F;
  61          //                      else
  62          //                              right_move();
  63          //              }
  64          //      }
  65          //}
  66          
  67          
  68          
  69          //Version2 below  
  70          //without blank
  71          #include <REGX52.H>
  72          #include <intrins.h>
  73          
  74          
  75          typedef unsigned int u16;
  76          
  77          void Delay1ms(u16 xms)  //@11.0592MHz
  78          {
  79   1              while (xms--){
  80   2              unsigned char data i, j;
  81   2      
  82   2              _nop_();
  83   2              _nop_();
  84   2              _nop_();
  85   2              i = 11;
  86   2              j = 190;
  87   2              do
  88   2              {
  89   3                      while (--j);
  90   3              } while (--i);
  91   2      }
  92   1      }
  93          
  94          char LEDNum=0;
  95          
  96          void press_1()
  97          {
  98   1              Delay1ms(20);
  99   1              while(P3_0==0);
 100   1              Delay1ms(20);
 101   1              
 102   1              LEDNum++;
 103   1              if(LEDNum==8)
 104   1              {
 105   2                      LEDNum = 0;
 106   2              }
 107   1              P2=~(0x01 << LEDNum);
 108   1      }
 109          
 110          void press_2()
 111          {
 112   1              Delay1ms(20);
 113   1              while(P3_0==0);
 114   1              Delay1ms(20);
 115   1              
 116   1              LEDNum--;
C51 COMPILER V9.60.7.0   MAIN                                                              02/21/2026 16:00:19 PAGE 3   

 117   1              if(LEDNum==-1)
 118   1              {
 119   2                      LEDNum = 7;
 120   2              }
 121   1              P2=~(0x01 << LEDNum);
 122   1      }
 123          
 124          
 125          
 126          
 127          void main ()
 128          {
 129   1              P2 = ~0x80;
 130   1      
 131   1              while(1)
 132   1              {
 133   2                      if(P3_0==0)
 134   2                      {
 135   3                              press_1();
 136   3                      }
 137   2                      if(P3_1==0)
 138   2                      {
 139   3                              press_2();
 140   3                      }
 141   2              }
 142   1      }


MODULE INFORMATION:   STATIC OVERLAYABLE
   CODE SIZE        =    121    ----
   CONSTANT SIZE    =   ----    ----
   XDATA SIZE       =   ----    ----
   PDATA SIZE       =   ----    ----
   DATA SIZE        =      1       2
   IDATA SIZE       =   ----    ----
   BIT SIZE         =   ----    ----
END OF MODULE INFORMATION.


C51 COMPILATION COMPLETE.  0 WARNING(S),  0 ERROR(S)
