C51 COMPILER V9.60.7.0   VERSION2                                                          02/21/2026 15:55:30 PAGE 1   


C51 COMPILER V9.60.7.0, COMPILATION OF MODULE VERSION2
OBJECT MODULE PLACED IN .\Objects\version2.obj
COMPILER INVOKED BY: D:\KeilC51\C51\BIN\C51.EXE version2.c OPTIMIZE(8,SPEED) BROWSE DEBUG OBJECTEXTEND PRINT(.\Listings\
                    -version2.lst) OBJECT(.\Objects\version2.obj)

line level    source

   1          #include <REGX52.H>
   2          #include <intrins.h>
   3          
   4          
   5          typedef unsigned int u16;
   6          
   7          void Delay1ms(u16 xms)  //@11.0592MHz
   8          {
   9   1              while (xms--){
  10   2              unsigned char data i, j;
  11   2      
  12   2              _nop_();
  13   2              _nop_();
  14   2              _nop_();
  15   2              i = 11;
  16   2              j = 190;
  17   2              do
  18   2              {
  19   3                      while (--j);
  20   3              } while (--i);
  21   2      }
  22   1      }
  23          
  24          char LEDNum=0;
  25          
  26          void press_1()
  27          {
  28   1              Delay1ms(20);
  29   1              while(P3_0==0);
  30   1              Delay1ms(20);
  31   1              
  32   1              LEDNum++;
  33   1              if(LEDNum==8)
  34   1              {
  35   2                      LEDNum = 0;
  36   2              }
  37   1              P2=~(0x01 << LEDNum);
  38   1      }
  39          
  40          void press_2()
  41          {
  42   1              Delay1ms(20);
  43   1              while(P3_0==0);
  44   1              Delay1ms(20);
  45   1              
  46   1              LEDNum--;
  47   1              if(LEDNum==-1)
  48   1              {
  49   2                      LEDNum = 7;
  50   2              }
  51   1              P2=~(0x01 << LEDNum);
  52   1      }
  53          
  54          
C51 COMPILER V9.60.7.0   VERSION2                                                          02/21/2026 15:55:30 PAGE 2   

  55          
  56          
  57          void main ()
  58          {
  59   1              P2 = ~0x01;
  60   1      
  61   1              while(1)
  62   1              {
  63   2                      if(P3_0==0)
  64   2                      {
  65   3                              press_1();
  66   3                      }
  67   2                      if(P3_1==0)
  68   2                      {
  69   3                              press_2();
  70   3                      }
  71   2              }
  72   1      }


MODULE INFORMATION:   STATIC OVERLAYABLE
   CODE SIZE        =    121    ----
   CONSTANT SIZE    =   ----    ----
   XDATA SIZE       =   ----    ----
   PDATA SIZE       =   ----    ----
   DATA SIZE        =      1       2
   IDATA SIZE       =   ----    ----
   BIT SIZE         =   ----    ----
END OF MODULE INFORMATION.


C51 COMPILATION COMPLETE.  0 WARNING(S),  0 ERROR(S)
