C51 COMPILER V9.60.7.0   MAIN                                                              02/22/2026 20:41:20 PAGE 1   


C51 COMPILER V9.60.7.0, COMPILATION OF MODULE MAIN
OBJECT MODULE PLACED IN .\Objects\main.obj
COMPILER INVOKED BY: D:\KeilC51\C51\BIN\C51.EXE main.c OPTIMIZE(8,SPEED) BROWSE DEBUG OBJECTEXTEND PRINT(.\Listings\main
                    -.lst) OBJECT(.\Objects\main.obj)

line level    source

   1          #include <REGX52.H>
   2          #include "LCD1602.h"
   3          
   4          
   5          void main ()
   6          {
   7   1              LCD_Init();
   8   1              LCD_ShowChar(1,1,'A');
   9   1              LCD_ShowString(1,3,"ABC");
  10   1              LCD_ShowNum(1,7,1,2);
  11   1              LCD_ShowSignedNum(1,10,-1,1);
  12   1              LCD_ShowHexNum(2,1,0xFF,2);
  13   1              LCD_ShowBinNum(2,4,3,2);
  14   1              while(1)
  15   1              {
  16   2              }
  17   1      }


MODULE INFORMATION:   STATIC OVERLAYABLE
   CODE SIZE        =     83    ----
   CONSTANT SIZE    =      4    ----
   XDATA SIZE       =   ----    ----
   PDATA SIZE       =   ----    ----
   DATA SIZE        =   ----    ----
   IDATA SIZE       =   ----    ----
   BIT SIZE         =   ----    ----
END OF MODULE INFORMATION.


C51 COMPILATION COMPLETE.  0 WARNING(S),  0 ERROR(S)
