C51 COMPILER V9.60.7.0   MAIN                                                              02/27/2026 22:58:53 PAGE 1   


C51 COMPILER V9.60.7.0, COMPILATION OF MODULE MAIN
OBJECT MODULE PLACED IN .\Objects\main.obj
COMPILER INVOKED BY: D:\KeilC51\C51\BIN\C51.EXE main.c OPTIMIZE(8,SPEED) BROWSE DEBUG OBJECTEXTEND PRINT(.\Listings\main
                    -.lst) OBJECT(.\Objects\main.obj)

line level    source

   1          #include <REGX52.H>
   2          #include "Timer0_Init.h"
   3          
   4          
   5          
   6          void main()
   7          {
   8   1              Timer0_Init();
   9   1              while(1)
  10   1              {
  11   2                      
  12   2              }
  13   1      }
  14          
  15          void Timer0_Routine() interrupt 1
  16          {
  17   1              static unsigned int Timer0_Count=0;
  18   1              Timer0_Count++;
  19   1              TH0=0xFC;
  20   1              TL0=0x66;
  21   1              if(Timer0_Count>=1000) //1s
  22   1              {
  23   2                      P2_0=~P2_0;
  24   2                      Timer0_Count=0;
  25   2              }
  26   1      }


MODULE INFORMATION:   STATIC OVERLAYABLE
   CODE SIZE        =     47    ----
   CONSTANT SIZE    =   ----    ----
   XDATA SIZE       =   ----    ----
   PDATA SIZE       =   ----    ----
   DATA SIZE        =      2    ----
   IDATA SIZE       =   ----    ----
   BIT SIZE         =   ----    ----
END OF MODULE INFORMATION.


C51 COMPILATION COMPLETE.  0 WARNING(S),  0 ERROR(S)
