C51 COMPILER V9.60.7.0   TIMER0_INIT                                                       02/27/2026 22:59:34 PAGE 1   


C51 COMPILER V9.60.7.0, COMPILATION OF MODULE TIMER0_INIT
OBJECT MODULE PLACED IN .\Objects\Timer0_Init.obj
COMPILER INVOKED BY: D:\KeilC51\C51\BIN\C51.EXE Timer0_Init.c OPTIMIZE(8,SPEED) BROWSE DEBUG OBJECTEXTEND PRINT(.\Listin
                    -gs\Timer0_Init.lst) OBJECT(.\Objects\Timer0_Init.obj)

line level    source

   1          #include <REGX52.H>
   2          
   3          /**
   4            *@brief 11.0592mhz一毫秒定时器初始化
   5            *@param 无
   6            *@retval 无
   7            */
   8          void Timer0_Init() 
   9          {
  10   1              TMOD=TMOD&0xF0;
  11   1              TMOD=0x01;
  12   1              TF0=0;  
  13   1              TH0=0xFC;
  14   1              TL0=0x66;
  15   1              TR0=1;
  16   1              ET0=1;
  17   1              EA=1;
  18   1              PT0=0;
  19   1      }


MODULE INFORMATION:   STATIC OVERLAYABLE
   CODE SIZE        =     23    ----
   CONSTANT SIZE    =   ----    ----
   XDATA SIZE       =   ----    ----
   PDATA SIZE       =   ----    ----
   DATA SIZE        =   ----    ----
   IDATA SIZE       =   ----    ----
   BIT SIZE         =   ----    ----
END OF MODULE INFORMATION.


C51 COMPILATION COMPLETE.  0 WARNING(S),  0 ERROR(S)
