C51 COMPILER V9.60.7.0   DELAY                                                             02/27/2026 23:32:26 PAGE 1   


C51 COMPILER V9.60.7.0, COMPILATION OF MODULE DELAY
OBJECT MODULE PLACED IN .\Objects\DELAY.obj
COMPILER INVOKED BY: D:\KeilC51\C51\BIN\C51.EXE DELAY.c OPTIMIZE(8,SPEED) BROWSE DEBUG OBJECTEXTEND PRINT(.\Listings\DEL
                    -AY.lst) OBJECT(.\Objects\DELAY.obj)

line level    source

   1          #include <REGX52.H>
   2          #include <intrins.h>
   3          
   4          void Delay(unsigned int xms)    //@11.0592MHz
   5          {
   6   1              unsigned char data i, j;
   7   1              while(xms--)
   8   1              {
   9   2                      _nop_();
  10   2                      i = 2;
  11   2                      j = 199;
  12   2                      do
  13   2                      {
  14   3                              while (--j);
  15   3                      } while (--i);
  16   2              }
  17   1      }


MODULE INFORMATION:   STATIC OVERLAYABLE
   CODE SIZE        =     22    ----
   CONSTANT SIZE    =   ----    ----
   XDATA SIZE       =   ----    ----
   PDATA SIZE       =   ----    ----
   DATA SIZE        =   ----    ----
   IDATA SIZE       =   ----    ----
   BIT SIZE         =   ----    ----
END OF MODULE INFORMATION.


C51 COMPILATION COMPLETE.  0 WARNING(S),  0 ERROR(S)
