C51 COMPILER V9.60.7.0   MAIN                                                              02/27/2026 23:49:19 PAGE 1   


C51 COMPILER V9.60.7.0, COMPILATION OF MODULE MAIN
OBJECT MODULE PLACED IN .\Objects\main.obj
COMPILER INVOKED BY: D:\KeilC51\C51\BIN\C51.EXE main.c OPTIMIZE(8,SPEED) BROWSE DEBUG OBJECTEXTEND PRINT(.\Listings\main
                    -.lst) OBJECT(.\Objects\main.obj)

line level    source

   1          #include <REGX52.H>
   2          #include "Timer0_Init.h"
   3          #include <intrins.h>
   4          
   5          unsigned char KeyNum,LEDMod=1;
   6          void main ()
   7          {
   8   1      
   9   1              Timer0_Init();
  10   1              P2=~0x80;
  11   1              while(1)
  12   1              {
  13   2                      KeyNum=GetKeyNum();
*** WARNING C206 IN LINE 13 OF main.c: 'GetKeyNum': missing function-prototype
  14   2                      if(KeyNum==1)
  15   2                      {
  16   3      //                      P2_0=~P2_0;
  17   3                              LEDMod=1;
  18   3                      }
  19   2                      if(KeyNum==2)
  20   2                      {
  21   3      //                      P2_1=~P2_1;
  22   3                              LEDMod=2;
  23   3                      }
  24   2              }
  25   1              
  26   1      }
  27          
  28          void Timer0_Routine() interrupt 1
  29          {
  30   1              static unsigned int Counter=0;
  31   1              TH0=0xFC;
  32   1              TL0=0x66;
  33   1              Counter++;
  34   1              
  35   1              if(Counter>=500)
  36   1              {
  37   2                      Counter=0;
  38   2                      if(LEDMod==1)
  39   2                      {
  40   3                              P2=_crol_(P2,1);
  41   3                      }
  42   2                      else if(LEDMod==2)
  43   2                      {
  44   3                              P2=_cror_(P2,1);
  45   3                      }
  46   2              }
  47   1      }


MODULE INFORMATION:   STATIC OVERLAYABLE
   CODE SIZE        =    116    ----
   CONSTANT SIZE    =   ----    ----
   XDATA SIZE       =   ----    ----
C51 COMPILER V9.60.7.0   MAIN                                                              02/27/2026 23:49:19 PAGE 2   

   PDATA SIZE       =   ----    ----
   DATA SIZE        =      4    ----
   IDATA SIZE       =   ----    ----
   BIT SIZE         =   ----    ----
END OF MODULE INFORMATION.


C51 COMPILATION COMPLETE.  1 WARNING(S),  0 ERROR(S)
