C51 COMPILER V9.60.7.0   MAIN                                                              02/16/2026 18:53:06 PAGE 1   


C51 COMPILER V9.60.7.0, COMPILATION OF MODULE MAIN
OBJECT MODULE PLACED IN .\Objects\main.obj
COMPILER INVOKED BY: D:\C51\C51\BIN\C51.EXE main.c OPTIMIZE(8,SPEED) BROWSE DEBUG OBJECTEXTEND PRINT(.\Listings\main.lst
                    -) TABS(2) OBJECT(.\Objects\main.obj)

line level    source

   1          #include <reg52.h>
   2          
   3          // ???????(???????)
   4          sbit Buzzer = P1^5;
   5          
   6          // ??????
   7          void Delay(unsigned int ms) {
   8   1          unsigned int i, j;
   9   1          for(i = ms; i > 0; i--)
  10   1              for(j = 120; j > 0; j--);
  11   1      }
  12          
  13          void main() {
  14   1          while(1) {
  15   2           /*
  16   2              Buzzer = 1;      // ?????
  17   2              Delay(1000);     // ??1?
  18   2              Buzzer = 0;      // ??
  19   2              Delay(1000);     */
  20   2              
  21   2              // ????1??,????2(????,????????)
  22   2              
  23   2              unsigned int i;
  24   2              for(i = 0; i < 1000; i++) {  // ???1kHz??
  25   3                  Buzzer = 1;
  26   3                  Delay(1);     // 1ms???
  27   3                  Buzzer = 0;
  28   3                  Delay(1);     // 1ms???
  29   3              }
  30   2              Delay(1000);      // ??1?
  31   2              
  32   2          }
  33   1      }


MODULE INFORMATION:   STATIC OVERLAYABLE
   CODE SIZE        =     79    ----
   CONSTANT SIZE    =   ----    ----
   XDATA SIZE       =   ----    ----
   PDATA SIZE       =   ----    ----
   DATA SIZE        =   ----       2
   IDATA SIZE       =   ----    ----
   BIT SIZE         =   ----    ----
END OF MODULE INFORMATION.


C51 COMPILATION COMPLETE.  0 WARNING(S),  0 ERROR(S)
