C51 COMPILER V9.60.7.0   MAIN                                                              02/20/2026 15:40:57 PAGE 1   


C51 COMPILER V9.60.7.0, COMPILATION OF MODULE MAIN
OBJECT MODULE PLACED IN .\Objects\main.obj
COMPILER INVOKED BY: D:\KeilC51\C51\BIN\C51.EXE main.c OPTIMIZE(8,SPEED) BROWSE DEBUG OBJECTEXTEND PRINT(.\Listings\main
                    -.lst) OBJECT(.\Objects\main.obj)

line level    source

   1          #include <REGX52.H>
   2          
   3          
   4          void Delay1ms(unsigned int xms) //@11.0592MHz
   5          {
   6   1              unsigned char i, j;
   7   1      
   8   1              while(xms--){
   9   2      
  10   2                      i = 2;
  11   2                      j = 199;
  12   2                      do
  13   2                      {
  14   3                              while (--j);
  15   3                      } while (--i);
  16   2              }
  17   1      }
  18          
  19          unsigned char Reverse(unsigned char x)
  20          {
  21   1              x = (x & 0xF0) >> 4 | (x & 0x0F) << 4;
  22   1              x = (x & 0xCC) >> 2 | (x & 0x33) << 2;
  23   1              x = (x & 0xAA) >> 1 | (x & 0x55) << 1;
  24   1              return x;
  25   1      }
  26          
  27          void main ()
  28          {
  29   1              unsigned char LEDNumber=0, ReverseLEDNumber;
  30   1              while (1)
  31   1              {
  32   2                      if(P3_1==0)
  33   2                      {
  34   3                              Delay1ms(20);
  35   3                              while(P3_1==0);
  36   3                              Delay1ms(20);
  37   3                              
  38   3                              LEDNumber++;
  39   3                              ReverseLEDNumber = Reverse(LEDNumber);
  40   3                              P2=~ReverseLEDNumber;
  41   3                      }
  42   2              }
  43   1      }


MODULE INFORMATION:   STATIC OVERLAYABLE
   CODE SIZE        =     99    ----
   CONSTANT SIZE    =   ----    ----
   XDATA SIZE       =   ----    ----
   PDATA SIZE       =   ----    ----
   DATA SIZE        =   ----    ----
   IDATA SIZE       =   ----    ----
   BIT SIZE         =   ----    ----
END OF MODULE INFORMATION.

C51 COMPILER V9.60.7.0   MAIN                                                              02/20/2026 15:40:57 PAGE 2   


C51 COMPILATION COMPLETE.  0 WARNING(S),  0 ERROR(S)
