C51 COMPILER V9.60.7.0   MAIN                                                              02/19/2026 20:59:13 PAGE 1   


C51 COMPILER V9.60.7.0, COMPILATION OF MODULE MAIN
OBJECT MODULE PLACED IN .\Objects\main.obj
COMPILER INVOKED BY: D:\KeilC51\C51\BIN\C51.EXE main.c OPTIMIZE(8,SPEED) BROWSE DEBUG OBJECTEXTEND PRINT(.\Listings\main
                    -.lst) OBJECT(.\Objects\main.obj)

line level    source

   1          #include "regx52.h"
   2          #include "intrins.h"
   3          
   4          sbit LED1=P2^0;
   5          
   6          void Delay(unsigned int xms)    //@11.0592MHz
   7          {
   8   1              unsigned char data i, j;
   9   1              while(xms){
  10   2                      _nop_();
  11   2                      i = 2;
  12   2                      j = 199;
  13   2                      do
  14   2                      {
  15   3                              while (--j);
  16   3                      } while (--i);
  17   2                      xms--;
  18   2              }
  19   1      }
  20          
  21          void main()
  22          {
  23   1              while(1){
  24   2                      if(P3_1==0)
  25   2                      {
  26   3                              Delay(20);
  27   3                              while(P3_1==0);
  28   3                              Delay(20);
  29   3                              LED1=~LED1;
  30   3                      }
  31   2                              
  32   2                              
  33   2                      
  34   2              }
  35   1              
  36   1      }


MODULE INFORMATION:   STATIC OVERLAYABLE
   CODE SIZE        =     45    ----
   CONSTANT SIZE    =   ----    ----
   XDATA SIZE       =   ----    ----
   PDATA SIZE       =   ----    ----
   DATA SIZE        =   ----    ----
   IDATA SIZE       =   ----    ----
   BIT SIZE         =   ----    ----
END OF MODULE INFORMATION.


C51 COMPILATION COMPLETE.  0 WARNING(S),  0 ERROR(S)
