C51 COMPILER V9.60.7.0   MAIN                                                              02/23/2026 16:36:29 PAGE 1   


C51 COMPILER V9.60.7.0, COMPILATION OF MODULE MAIN
OBJECT MODULE PLACED IN .\Objects\main.obj
COMPILER INVOKED BY: D:\KeilC51\C51\BIN\C51.EXE main.c OPTIMIZE(8,SPEED) BROWSE DEBUG OBJECTEXTEND PRINT(.\Listings\main
                    -.lst) OBJECT(.\Objects\main.obj)

line level    source

   1          #include <REGX52.H>
   2          #include "DELAY.h"
   3          #include "LCD1602.h"
   4          #include "MATRIXKEY.H"
   5          
   6          void main()
   7          {
   8   1              unsigned int KeyNumber=0;
   9   1              
  10   1              LCD_Init();
  11   1              LCD_ShowString(1,1,"MatrixKey!");
  12   1              
  13   1              while(1)
  14   1              {
  15   2                      KeyNumber=MATRIXKEY();
*** WARNING C206 IN LINE 15 OF main.c: 'MATRIXKEY': missing function-prototype
  16   2                      if(KeyNumber)
  17   2                      {
  18   3                              LCD_ShowNum(2,1,KeyNumber,2);
  19   3                      }
  20   2                      
  21   2              }
  22   1      }


MODULE INFORMATION:   STATIC OVERLAYABLE
   CODE SIZE        =     50    ----
   CONSTANT SIZE    =     11    ----
   XDATA SIZE       =   ----    ----
   PDATA SIZE       =   ----    ----
   DATA SIZE        =   ----       2
   IDATA SIZE       =   ----    ----
   BIT SIZE         =   ----    ----
END OF MODULE INFORMATION.


C51 COMPILATION COMPLETE.  1 WARNING(S),  0 ERROR(S)
