C51 COMPILER V9.60.7.0   DELAY                                                             02/28/2026 13:08:33 PAGE 1   


C51 COMPILER V9.60.7.0, COMPILATION OF MODULE DELAY
OBJECT MODULE PLACED IN .\Objects\Delay.obj
COMPILER INVOKED BY: D:\KeilC51\C51\BIN\C51.EXE Delay.c OPTIMIZE(8,SPEED) BROWSE DEBUG OBJECTEXTEND PRINT(.\Listings\Del
                    -ay.lst) OBJECT(.\Objects\Delay.obj)

line level    source

   1          #include <REGX52.H>
   2          #include <intrins.h>
   3          /**
   4            *@brief  延迟输入的xms毫秒 @11.0592MHz
   5            *@param  要延迟的xms
   6            *@retval 无
   7            */
   8          
   9          void Delay(unsigned int xms)
  10          {
  11   1              unsigned char data i, j;
  12   1              while(xms--)
  13   1              {
  14   2                      _nop_();
  15   2                      i = 2;
  16   2                      j = 199;
  17   2                      do
  18   2                      {
  19   3                              while (--j);
  20   3                      } while (--i);
  21   2              }
  22   1      
  23   1      }


MODULE INFORMATION:   STATIC OVERLAYABLE
   CODE SIZE        =     22    ----
   CONSTANT SIZE    =   ----    ----
   XDATA SIZE       =   ----    ----
   PDATA SIZE       =   ----    ----
   DATA SIZE        =   ----    ----
   IDATA SIZE       =   ----    ----
   BIT SIZE         =   ----    ----
END OF MODULE INFORMATION.


C51 COMPILATION COMPLETE.  0 WARNING(S),  0 ERROR(S)
