C51 COMPILER V9.60.7.0   MAIN                                                              02/28/2026 13:27:11 PAGE 1   


C51 COMPILER V9.60.7.0, COMPILATION OF MODULE MAIN
OBJECT MODULE PLACED IN .\Objects\main.obj
COMPILER INVOKED BY: D:\KeilC51\C51\BIN\C51.EXE main.c OPTIMIZE(8,SPEED) BROWSE DEBUG OBJECTEXTEND PRINT(.\Listings\main
                    -.lst) OBJECT(.\Objects\main.obj)

line level    source

   1          #include <REGX52.H>
   2          #include "Timer0Init.H"
   3          #include "Delay.H"
   4          #include "LCD1602.H"
   5          
   6          unsigned char hour=0,minute=0,second=0;
   7          
   8          
   9          void main ()
  10          {
  11   1              Timer0Init();
  12   1              LCD_Init();
  13   1              LCD_ShowString(1,1,"Your clock here:");
  14   1              LCD_ShowString(2,1,"  :  :  ");
  15   1              hour=23;
  16   1              minute=59;
  17   1              second=55;
  18   1              
  19   1              while(1)
  20   1              {
  21   2                      
  22   2                      LCD_ShowNum(2,1,hour,2);
  23   2                      LCD_ShowNum(2,4,minute,2);
  24   2                      LCD_ShowNum(2,7,second,2);
  25   2                      
  26   2              }
  27   1      }
  28          
  29          void Timer0Routine() interrupt 1
  30          {
  31   1              static unsigned int Counter=0;
  32   1              TH0=0xFC;
  33   1              TL0=0x66;       
  34   1              Counter++;
  35   1              if(Counter>=1000)
  36   1              {
  37   2                      second++;
  38   2                      if(second>=60)
  39   2                      {
  40   3                              second=0;
  41   3                              minute++;
  42   3                              if(minute>=60)
  43   3                              {
  44   4                                      minute=0;
  45   4                                      hour++;
  46   4                                      if(hour>=24)
  47   4                                      {
  48   5                                              hour=0;
  49   5                                      }
  50   4                              }
  51   3                      }
  52   2                      Counter=0;
  53   2              }
  54   1      }
C51 COMPILER V9.60.7.0   MAIN                                                              02/28/2026 13:27:11 PAGE 2   

  55          


MODULE INFORMATION:   STATIC OVERLAYABLE
   CODE SIZE        =    159    ----
   CONSTANT SIZE    =     26    ----
   XDATA SIZE       =   ----    ----
   PDATA SIZE       =   ----    ----
   DATA SIZE        =      5    ----
   IDATA SIZE       =   ----    ----
   BIT SIZE         =   ----    ----
END OF MODULE INFORMATION.


C51 COMPILATION COMPLETE.  0 WARNING(S),  0 ERROR(S)
