C51 COMPILER V9.60.7.0   TIMER0INIT                                                        02/28/2026 13:08:33 PAGE 1   


C51 COMPILER V9.60.7.0, COMPILATION OF MODULE TIMER0INIT
OBJECT MODULE PLACED IN .\Objects\Timer0Init.obj
COMPILER INVOKED BY: D:\KeilC51\C51\BIN\C51.EXE Timer0Init.c OPTIMIZE(8,SPEED) BROWSE DEBUG OBJECTEXTEND PRINT(.\Listing
                    -s\Timer0Init.lst) OBJECT(.\Objects\Timer0Init.obj)

line level    source

   1          #include <REGX52.H>
   2          /**
   3            *@brief  初始化0定时器
   4            *@param  无
   5            *@retval 无
   6            */
   7          
   8          void Timer0Init()
   9          {
  10   1              TMOD&=0xF0;
  11   1              TMOD=0x01;
  12   1              TH0=0xFC;
  13   1              TL0=0x66;
  14   1              TF0=0;
  15   1              TR0=1;
  16   1              ET0=1;
  17   1              EA=1;
  18   1              PT0=0;
  19   1              
  20   1      }


MODULE INFORMATION:   STATIC OVERLAYABLE
   CODE SIZE        =     23    ----
   CONSTANT SIZE    =   ----    ----
   XDATA SIZE       =   ----    ----
   PDATA SIZE       =   ----    ----
   DATA SIZE        =   ----    ----
   IDATA SIZE       =   ----    ----
   BIT SIZE         =   ----    ----
END OF MODULE INFORMATION.


C51 COMPILATION COMPLETE.  0 WARNING(S),  0 ERROR(S)
