C51 COMPILER V9.60.7.0   TIMER1_INIT                                                       02/28/2026 15:52:28 PAGE 1   


C51 COMPILER V9.60.7.0, COMPILATION OF MODULE TIMER1_INIT
OBJECT MODULE PLACED IN .\Objects\Timer1_Init.obj
COMPILER INVOKED BY: D:\KeilC51\C51\BIN\C51.EXE Timer1_Init.c OPTIMIZE(8,SPEED) BROWSE DEBUG OBJECTEXTEND PRINT(.\Listin
                    -gs\Timer1_Init.lst) OBJECT(.\Objects\Timer1_Init.obj)

line level    source

   1          #include <REGX52.H>
   2          
   3          /**
   4            *@brief 11.0592mhz一毫秒定时器2初始化
   5            *@param 无
   6            *@retval 无
   7            */
   8          void Timer1_Init() 
   9          {
  10   1              TMOD=TMOD&0x0F;
  11   1              TMOD|=0x10;
  12   1              TF1=0;  
  13   1              TH1=0xFC;
  14   1              TL1=0x66;
  15   1              TR1=1;
  16   1              ET1=1;
  17   1              EA=1;
  18   1              PT1=0;
  19   1      }


MODULE INFORMATION:   STATIC OVERLAYABLE
   CODE SIZE        =     23    ----
   CONSTANT SIZE    =   ----    ----
   XDATA SIZE       =   ----    ----
   PDATA SIZE       =   ----    ----
   DATA SIZE        =   ----    ----
   IDATA SIZE       =   ----    ----
   BIT SIZE         =   ----    ----
END OF MODULE INFORMATION.


C51 COMPILATION COMPLETE.  0 WARNING(S),  0 ERROR(S)
