C51 COMPILER V9.60.7.0   MAIN                                                              02/21/2026 19:47:19 PAGE 1   


C51 COMPILER V9.60.7.0, COMPILATION OF MODULE MAIN
OBJECT MODULE PLACED IN .\Objects\main.obj
COMPILER INVOKED BY: D:\KeilC51\C51\BIN\C51.EXE Objects\main.c OPTIMIZE(8,SPEED) BROWSE DEBUG OBJECTEXTEND PRINT(.\Listi
                    -ngs\main.lst) OBJECT(.\Objects\main.obj)

line level    source

   1          #include <REGX52.H>
   2          #include <intrins.h>
   3          
   4          void light_Nixie(unsigned char Position, unsigned char Number)
   5          {
   6   1              //unsigned char PositionTable[8]={111, 110, 101, 100, 011, 010, 001, 000};
   7   1              unsigned char NumberTable[10]={0x3F, 0x06,0x5B, 0x4F, 0x66, 0x6D, 0x7D, 0x07, 0x7F, 0x6F};
   8   1              //unsigned char PB;
   9   1              //PB=PositionTable[Position];
  10   1              //version1
  11   1      //      P2_2=PB%10;
  12   1      //      PB/=10;
  13   1      //      P2_3=PB%10;
  14   1      //      PB/=10;
  15   1      //      P2_4=PB;
  16   1              
  17   1              //version2
  18   1              switch(Position)
  19   1              {
  20   2                      case 1:P2_4=1;P2_3=1;P2_2=1;break;
  21   2                      case 2:P2_4=1;P2_3=1;P2_2=0;break;
  22   2                      case 3:P2_4=1;P2_3=0;P2_2=1;break;
  23   2                      case 4:P2_4=1;P2_3=0;P2_2=0;break;
  24   2                      case 5:P2_4=0;P2_3=1;P2_2=1;break;
  25   2                      case 6:P2_4=0;P2_3=1;P2_2=0;break;
  26   2                      case 7:P2_4=0;P2_3=0;P2_2=1;break;
  27   2                      case 8:P2_4=0;P2_3=0;P2_2=0;break;
  28   2                      
  29   2                      
  30   2              }
  31   1              
  32   1              P0=NumberTable[Number];
  33   1      }
  34          
  35          void main ()
  36          {
  37   1              unsigned char Position, Number;
  38   1              Position = 1;
  39   1              Number = 8;
  40   1              light_Nixie(Position,Number);
  41   1              while(1)
  42   1              {
  43   2                      
  44   2              }
  45   1      }


MODULE INFORMATION:   STATIC OVERLAYABLE
   CODE SIZE        =    133    ----
   CONSTANT SIZE    =     10    ----
   XDATA SIZE       =   ----    ----
   PDATA SIZE       =   ----    ----
   DATA SIZE        =   ----      12
   IDATA SIZE       =   ----    ----
C51 COMPILER V9.60.7.0   MAIN                                                              02/21/2026 19:47:19 PAGE 2   

   BIT SIZE         =   ----    ----
END OF MODULE INFORMATION.


C51 COMPILATION COMPLETE.  0 WARNING(S),  0 ERROR(S)
