C51 COMPILER V9.60.7.0   MAIN                                                              02/22/2026 17:41:16 PAGE 1   


C51 COMPILER V9.60.7.0, COMPILATION OF MODULE MAIN
OBJECT MODULE PLACED IN .\Objects\main.obj
COMPILER INVOKED BY: D:\KeilC51\C51\BIN\C51.EXE main.c OPTIMIZE(8,SPEED) BROWSE DEBUG OBJECTEXTEND PRINT(.\Listings\main
                    -.lst) OBJECT(.\Objects\main.obj)

line level    source

   1          #include <REGX52.H>
   2          #include "NIXIE.H"
   3          
   4          
   5          void main ()
   6          {
   7   1                      while(1)
   8   1              {
   9   2                      light_Nixie(1,6);
  10   2                      light_Nixie(2,2);
  11   2                      light_Nixie(3,3);
  12   2                      light_Nixie(4,2);
  13   2                      light_Nixie(5,5);
  14   2                      light_Nixie(6,4);
  15   2                      light_Nixie(7,2);
  16   2                      light_Nixie(8,5);
  17   2      
  18   2                      
  19   2              }
  20   1      }


MODULE INFORMATION:   STATIC OVERLAYABLE
   CODE SIZE        =     58    ----
   CONSTANT SIZE    =   ----    ----
   XDATA SIZE       =   ----    ----
   PDATA SIZE       =   ----    ----
   DATA SIZE        =   ----    ----
   IDATA SIZE       =   ----    ----
   BIT SIZE         =   ----    ----
END OF MODULE INFORMATION.


C51 COMPILATION COMPLETE.  0 WARNING(S),  0 ERROR(S)
