C51 COMPILER V9.60.7.0   NIXIE                                                             02/22/2026 17:41:16 PAGE 1   


C51 COMPILER V9.60.7.0, COMPILATION OF MODULE NIXIE
OBJECT MODULE PLACED IN .\Objects\NIXIE.obj
COMPILER INVOKED BY: D:\KeilC51\C51\BIN\C51.EXE NIXIE.c OPTIMIZE(8,SPEED) BROWSE DEBUG OBJECTEXTEND PRINT(.\Listings\NIX
                    -IE.lst) OBJECT(.\Objects\NIXIE.obj)

line level    source

   1          #include <REGX52.H>
   2          #include "DELAY.H"
   3          
   4          
   5          
   6          
   7          
   8          void light_Nixie(unsigned char Position, unsigned char Number)
   9          {
  10   1              //unsigned char PositionTable[8]={111, 110, 101, 100, 011, 010, 001, 000};
  11   1              unsigned char NumberTable[10]={0x3F, 0x06,0x5B, 0x4F, 0x66, 0x6D, 0x7D, 0x07, 0x7F, 0x6F};
  12   1              //unsigned char PB;
  13   1              //PB=PositionTable[Position];
  14   1              //version1
  15   1      //      P2_2=PB%10;
  16   1      //      PB/=10;
  17   1      //      P2_3=PB%10;
  18   1      //      PB/=10;
  19   1      //      P2_4=PB;
  20   1              
  21   1              //version2
  22   1              switch(Position)
  23   1              {
  24   2                      case 1:P2_4=1;P2_3=1;P2_2=1;break;
  25   2                      case 2:P2_4=1;P2_3=1;P2_2=0;break;
  26   2                      case 3:P2_4=1;P2_3=0;P2_2=1;break;
  27   2                      case 4:P2_4=1;P2_3=0;P2_2=0;break;
  28   2                      case 5:P2_4=0;P2_3=1;P2_2=1;break;
  29   2                      case 6:P2_4=0;P2_3=1;P2_2=0;break;
  30   2                      case 7:P2_4=0;P2_3=0;P2_2=1;break;
  31   2                      case 8:P2_4=0;P2_3=0;P2_2=0;break;
  32   2                      
  33   2                      
  34   2              }
  35   1              
  36   1              P0=NumberTable[Number];
  37   1              Delay1ms(1);
  38   1              P0=0x00;
  39   1              
  40   1      }


MODULE INFORMATION:   STATIC OVERLAYABLE
   CODE SIZE        =    134    ----
   CONSTANT SIZE    =     10    ----
   XDATA SIZE       =   ----    ----
   PDATA SIZE       =   ----    ----
   DATA SIZE        =   ----      12
   IDATA SIZE       =   ----    ----
   BIT SIZE         =   ----    ----
END OF MODULE INFORMATION.


C51 COMPILATION COMPLETE.  0 WARNING(S),  0 ERROR(S)
