C51 COMPILER V9.60.7.0   MAIN                                                              02/21/2026 20:12:55 PAGE 1   


C51 COMPILER V9.60.7.0, COMPILATION OF MODULE MAIN
OBJECT MODULE PLACED IN .\Objects\main.obj
COMPILER INVOKED BY: D:\KeilC51\C51\BIN\C51.EXE Objects\main.c OPTIMIZE(8,SPEED) BROWSE DEBUG OBJECTEXTEND PRINT(.\Listi
                    -ngs\main.lst) OBJECT(.\Objects\main.obj)

line level    source

   1          #include <REGX52.H>
   2          #include <intrins.h>
   3          
   4          
   5          void Delay1ms(unsigned int xms) //@11.0592MHz
   6          {
   7   1              unsigned char data i, j;
   8   1              while(xms--)
   9   1              {
  10   2                      _nop_();
  11   2                      i = 2;
  12   2                      j = 199;
  13   2                      do
  14   2                      {
  15   3                              while (--j);
  16   3                      } while (--i);
  17   2              }
  18   1      }
  19          
  20          
  21          
  22          void light_Nixie(unsigned char Position, unsigned char Number)
  23          {
  24   1              //unsigned char PositionTable[8]={111, 110, 101, 100, 011, 010, 001, 000};
  25   1              unsigned char NumberTable[10]={0x3F, 0x06,0x5B, 0x4F, 0x66, 0x6D, 0x7D, 0x07, 0x7F, 0x6F};
  26   1              //unsigned char PB;
  27   1              //PB=PositionTable[Position];
  28   1              //version1
  29   1      //      P2_2=PB%10;
  30   1      //      PB/=10;
  31   1      //      P2_3=PB%10;
  32   1      //      PB/=10;
  33   1      //      P2_4=PB;
  34   1              
  35   1              //version2
  36   1              switch(Position)
  37   1              {
  38   2                      case 1:P2_4=1;P2_3=1;P2_2=1;break;
  39   2                      case 2:P2_4=1;P2_3=1;P2_2=0;break;
  40   2                      case 3:P2_4=1;P2_3=0;P2_2=1;break;
  41   2                      case 4:P2_4=1;P2_3=0;P2_2=0;break;
  42   2                      case 5:P2_4=0;P2_3=1;P2_2=1;break;
  43   2                      case 6:P2_4=0;P2_3=1;P2_2=0;break;
  44   2                      case 7:P2_4=0;P2_3=0;P2_2=1;break;
  45   2                      case 8:P2_4=0;P2_3=0;P2_2=0;break;
  46   2                      
  47   2                      
  48   2              }
  49   1              
  50   1              P0=NumberTable[Number];
  51   1              Delay1ms(1);
  52   1              P0=0x00;
  53   1              
  54   1      }
C51 COMPILER V9.60.7.0   MAIN                                                              02/21/2026 20:12:55 PAGE 2   

  55          
  56          void main ()
  57          {
  58   1      
  59   1              while(1)
  60   1              {
  61   2                      light_Nixie(1,6);
  62   2                      light_Nixie(2,2);
  63   2                      light_Nixie(3,3);
  64   2                      light_Nixie(4,2);
  65   2                      light_Nixie(5,5);
  66   2                      light_Nixie(6,4);
  67   2                      light_Nixie(7,2);
  68   2                      light_Nixie(8,5);
  69   2      
  70   2                      
  71   2              }
  72   1      }


MODULE INFORMATION:   STATIC OVERLAYABLE
   CODE SIZE        =    214    ----
   CONSTANT SIZE    =     10    ----
   XDATA SIZE       =   ----    ----
   PDATA SIZE       =   ----    ----
   DATA SIZE        =   ----      12
   IDATA SIZE       =   ----    ----
   BIT SIZE         =   ----    ----
END OF MODULE INFORMATION.


C51 COMPILATION COMPLETE.  0 WARNING(S),  0 ERROR(S)
