C51 COMPILER V9.60.7.0   MAIN                                                              02/16/2026 17:52:17 PAGE 1   


C51 COMPILER V9.60.7.0, COMPILATION OF MODULE MAIN
OBJECT MODULE PLACED IN .\Objects\main.obj
COMPILER INVOKED BY: D:\C51\C51\BIN\C51.EXE main.c OPTIMIZE(8,SPEED) BROWSE DEBUG OBJECTEXTEND PRINT(.\Listings\main.lst
                    -) TABS(2) OBJECT(.\Objects\main.obj)

line level    source

   1          #include <REGX52.H>
   2          void Delayxms(unsigned int time)  //@12.000MHz
   3          {
   4   1        unsigned char data i, j;
   5   1        
   6   1        while(time--) 
   7   1        {
   8   2          i = 2;
   9   2          j = 239;
  10   2          do
  11   2          {
  12   3            while (--j);
  13   3          } while (--i);
  14   2        }
  15   1      }
  16          
  17          
  18          int main ()
  19          {
  20   1        unsigned int i;
  21   1          while (1)
  22   1        {
  23   2          P2 = 0xFC;
  24   2          for(i=0;i<3;i++)
  25   2          {
  26   3            P2 = P2 << 2 | 0x03;
  27   3            Delayxms(100);
  28   3          }
  29   2          
  30   2          for (i=0;i<3;i++)
  31   2          {
  32   3            P2 = P2 >> 2 | 0xC0;
  33   3            Delayxms(100);
  34   3            
  35   3          }
  36   2          
  37   2        }
  38   1      }


MODULE INFORMATION:   STATIC OVERLAYABLE
   CODE SIZE        =     85    ----
   CONSTANT SIZE    =   ----    ----
   XDATA SIZE       =   ----    ----
   PDATA SIZE       =   ----    ----
   DATA SIZE        =   ----    ----
   IDATA SIZE       =   ----    ----
   BIT SIZE         =   ----    ----
END OF MODULE INFORMATION.


C51 COMPILATION COMPLETE.  0 WARNING(S),  0 ERROR(S)
